<?xml version="1.0" encoding="UTF-8"?>
<!-- Generated by org.testng.reporters.JUnitReportReporter -->
<testsuite skipped="0" hostname="LAPTOP-U3C8G3RJ" name="Test.Test1" tests="1" failures="0" timestamp="2021-04-08T15:12:46 IST" time="84.697" errors="0">
  <testcase name="PrintAllPhonesName" time="84.697" classname="Test.Test1"/>
  <system-out/>
</testsuite> <!-- Test.Test1 -->
